<?xml version="1.0" encoding="UTF-8"?>
<!-- Generated by org.testng.reporters.JUnitReportReporter -->
<testsuite hostname="LT0028140" name="testspackage.TestNGSimpleTest" tests="1" failures="0" timestamp="29 Jan 2016 17:34:05 GMT" time="0.032" errors="0">
  <testcase name="sampleTest" time="0.032" classname="testspackage.TestNGSimpleTest"/>
</testsuite> <!-- testspackage.TestNGSimpleTest -->
