<?xml version="1.0" encoding="UTF-8"?>
<!-- Generated by org.testng.reporters.JUnitReportReporter -->
<testsuite hostname="LT0028140" name="testspackage.TestNGSimpleTest" tests="2" failures="0" timestamp="29 Jan 2016 17:34:07 GMT" time="422.001" errors="0">
  <testcase name="basicLoginTest" time="286.312" classname="testspackage.TestNGSimpleTest"/>
  <testcase name="basicLogoutTest" time="135.689" classname="testspackage.TestNGSimpleTest"/>
</testsuite> <!-- testspackage.TestNGSimpleTest -->
